PLINK v2.00a2.3LM 64-bit Intel (24 Jan 2020)
Options in effect:
  --allow-extra-chr
  --bfile simulated
  --extract simulated.vr_markers.list
  --make-bed
  --out simulated_vr

Hostname: 389123efe024
Working directory: /data
Start time: Sun Jan  4 17:22:21 2026

Random number seed: 1767547341
15973 MiB RAM detected; reserving 7986 MiB for main workspace.
Using up to 6 compute threads.
5000 samples (0 females, 0 males, 5000 ambiguous; 5000 founders) loaded from
simulated.fam.
20000 variants loaded from simulated.bim.
Note: No phenotype data present.
--extract: 2000 variants remaining.
2000 variants remaining after main filters.
Writing simulated_vr.fam ... done.
Writing simulated_vr.bim ... done.
Writing simulated_vr.bed ... done.

End time: Sun Jan  4 17:22:21 2026
